<?xml version="1.0" encoding="UTF-8"?>
<testng-results skipped="0" failed="0" ignored="0" total="1" passed="1">
  <reporter-output>
  </reporter-output>
  <suite name="Suite" duration-ms="8668" started-at="2020-10-21T10:26:16Z" finished-at="2020-10-21T10:26:25Z">
    <groups>
    </groups>
    <test name="Test" duration-ms="8668" started-at="2020-10-21T10:26:16Z" finished-at="2020-10-21T10:26:25Z">
      <class name="testcase.PostRequest">
        <test-method status="PASS" signature="test_03()[pri:0, instance:testcase.PostRequest@77caeb3e]" name="test_03" duration-ms="8647" started-at="2020-10-21T15:56:16Z" finished-at="2020-10-21T15:56:25Z">
          <reporter-output>
          </reporter-output>
        </test-method> <!-- test_03 -->
      </class> <!-- testcase.PostRequest -->
    </test> <!-- Test -->
  </suite> <!-- Suite -->
</testng-results>
